<?xml version="1.0" encoding="UTF-8"?>
<testsuite xmlns:xsi="http://www.w3.org/2001/XMLSchema-instance" xsi:noNamespaceSchemaLocation="https://maven.apache.org/surefire/maven-surefire-plugin/xsd/surefire-test-report-3.0.xsd" version="3.0" name="TestSuite" time="48.958" tests="2" errors="0" skipped="0" failures="0">
  <properties>
[...]
</properties>
  <testcase name="demo" classname="pack1.CrossBrowser" time="14.868">
    <system-err><![CDATA[1636615543558	geckodriver	INFO	Listening on 127.0.0.1:10315
Starting ChromeDriver 95.0.4638.54 (d31a821ec901f68d0d34ccdbaea45b4c86ce543e-refs/branch-heads/4638@{#871}) on port 45371
Only local connections are allowed.
Please see https://chromedriver.chromium.org/security-considerations for suggestions on keeping ChromeDriver safe.
ChromeDriver was started successfully.
1636615544296	mozrunner::runner	INFO	Running command: "C:\\Program Files\\Mozilla Firefox\\firefox.exe" "--marionette" "-no-remote" "-profile" "C:\\Users\\tarun\\AppData\\Local\\Temp\\rust_mozprofilegvvF1d"
Nov 11, 2021 12:55:46 PM org.openqa.selenium.remote.ProtocolHandshake createSession
INFO: Detected dialect: W3C
1636615547555	Marionette	INFO	Marionette enabled
console.warn: SearchSettings: "get: No settings file exists, new profile?" (new NotFoundError("Could not open the file at C:\\Users\\tarun\\AppData\\Local\\Temp\\rust_mozprofilegvvF1d\\search.json.mozlz4", (void 0)))
1636615560765	Marionette	INFO	Listening on port 2733
console.error: Region.jsm: "Error fetching region" (new Error("TIMEOUT", "resource://gre/modules/Region.jsm", 772))
console.error: Region.jsm: "Failed to fetch region" (new Error("TIMEOUT", "resource://gre/modules/Region.jsm", 419))
1636615562681	RemoteAgent	WARN	TLS certificate errors will be ignored for this session
Nov 11, 2021 12:56:03 PM org.openqa.selenium.remote.ProtocolHandshake createSession
INFO: Detected dialect: W3C
]]></system-err>
  </testcase>
  <testcase name="demo" classname="pack1.CrossBrowser" time="25.92">
    <system-err><![CDATA[1636615587891	Marionette	INFO	Stopped listening on port 2733
]]></system-err>
  </testcase>
</testsuite>