<?xml version="1.0" encoding="UTF-8"?>
<testng-results skipped="0" failed="0" ignored="0" total="1" passed="1">
  <reporter-output>
  </reporter-output>
  <suite name="Default suite" duration-ms="24389" started-at="2021-11-12T11:31:54 IST" finished-at="2021-11-12T11:32:18 IST">
    <groups>
    </groups>
    <test name="Default test" duration-ms="24389" started-at="2021-11-12T11:31:54 IST" finished-at="2021-11-12T11:32:18 IST">
      <class name="pack1.GridExample">
        <test-method status="PASS" signature="mailTest()[pri:0, instance:pack1.GridExample@2c039ac6]" name="mailTest" duration-ms="24355" started-at="2021-11-12T11:31:54 IST" finished-at="2021-11-12T11:32:18 IST">
          <reporter-output>
          </reporter-output>
        </test-method> <!-- mailTest -->
      </class> <!-- pack1.GridExample -->
    </test> <!-- Default test -->
  </suite> <!-- Default suite -->
</testng-results>
